c:\miscosas\programacion\clase\opengl-engine\ig1app\x64\debug\vc143.pdb
c:\miscosas\programacion\clase\opengl-engine\ig1app\x64\debug\vc143.idb
c:\miscosas\programacion\clase\opengl-engine\ig1app\x64\debug\viewport.obj
c:\miscosas\programacion\clase\opengl-engine\ig1app\x64\debug\texture.obj
c:\miscosas\programacion\clase\opengl-engine\ig1app\x64\debug\scene.obj
c:\miscosas\programacion\clase\opengl-engine\ig1app\x64\debug\pixmap32rgba.obj
c:\miscosas\programacion\clase\opengl-engine\ig1app\x64\debug\entitypr1.obj
c:\miscosas\programacion\clase\opengl-engine\ig1app\x64\debug\mesh.obj
c:\miscosas\programacion\clase\opengl-engine\ig1app\x64\debug\main.obj
c:\miscosas\programacion\clase\opengl-engine\ig1app\x64\debug\ig1app.obj
c:\miscosas\programacion\clase\opengl-engine\ig1app\x64\debug\entitypr4.obj
c:\miscosas\programacion\clase\opengl-engine\ig1app\x64\debug\entitypr2.obj
c:\miscosas\programacion\clase\opengl-engine\ig1app\x64\debug\entity.obj
c:\miscosas\programacion\clase\opengl-engine\ig1app\x64\debug\camera.obj
c:\miscosas\programacion\clase\opengl-engine\bin\ig1appdebug.pdb
c:\miscosas\programacion\clase\opengl-engine\ig1app\x64\debug\ig1app.tlog\cl.command.1.tlog
c:\miscosas\programacion\clase\opengl-engine\ig1app\x64\debug\ig1app.tlog\cl.read.1.tlog
c:\miscosas\programacion\clase\opengl-engine\ig1app\x64\debug\ig1app.tlog\cl.write.1.tlog
c:\miscosas\programacion\clase\opengl-engine\ig1app\x64\debug\ig1app.tlog\link-cvtres.read.1.tlog
c:\miscosas\programacion\clase\opengl-engine\ig1app\x64\debug\ig1app.tlog\link-cvtres.write.1.tlog
c:\miscosas\programacion\clase\opengl-engine\ig1app\x64\debug\ig1app.tlog\link-rc.read.1.tlog
c:\miscosas\programacion\clase\opengl-engine\ig1app\x64\debug\ig1app.tlog\link-rc.write.1.tlog
c:\miscosas\programacion\clase\opengl-engine\ig1app\x64\debug\ig1app.tlog\link.command.1.tlog
c:\miscosas\programacion\clase\opengl-engine\ig1app\x64\debug\ig1app.tlog\link.read.1.tlog
c:\miscosas\programacion\clase\opengl-engine\ig1app\x64\debug\ig1app.tlog\link.read.2.tlog
c:\miscosas\programacion\clase\opengl-engine\ig1app\x64\debug\ig1app.tlog\link.read.3.tlog
c:\miscosas\programacion\clase\opengl-engine\ig1app\x64\debug\ig1app.tlog\link.read.4.tlog
c:\miscosas\programacion\clase\opengl-engine\ig1app\x64\debug\ig1app.tlog\link.write.1.tlog
